<?xml version="1.0" encoding="UTF-8"?>
<!-- Generated by org.testng.reporters.JUnitReportReporter -->
<testsuite hostname="DESKTOP-J47KP1R" failures="0" tests="1" name="testng.selenium.SecondTestNG" time="0.008" errors="0" timestamp="2024-06-14T11:17:17 IST" skipped="0">
  <testcase classname="testng.selenium.SecondTestNG" name="method" time="0.008"/>
  <system-out/>
</testsuite> <!-- testng.selenium.SecondTestNG -->
