<?xml version="1.0" encoding="UTF-8"?>
<!-- Generated by org.testng.reporters.JUnitReportReporter -->
<testsuite hostname="DESKTOP-J47KP1R" failures="0" tests="1" name="testng.selenium.FourthTestNG2" time="0.014" errors="0" timestamp="2024-06-20T11:47:33 IST" skipped="0">
  <testcase classname="testng.selenium.FourthTestNG2" name="method" time="0.014"/>
  <system-out/>
</testsuite> <!-- testng.selenium.FourthTestNG2 -->
