<?xml version="1.0" encoding="UTF-8"?>
<!-- Generated by org.testng.reporters.JUnitReportReporter -->
<testsuite hostname="DESKTOP-J47KP1R" failures="0" tests="1" name="testng.selenium.EdgeBR" time="8.848" errors="0" timestamp="2024-06-20T11:45:53 IST" skipped="0">
  <testcase classname="testng.selenium.EdgeBR" name="openChromeBr" time="8.848"/>
  <system-out/>
</testsuite> <!-- testng.selenium.EdgeBR -->
